<?xml version="1.0" encoding="UTF-8"?>
<!-- Generated by org.testng.reporters.JUnitReportReporter -->
<testsuite hostname="fabio-mint" name="com.globant.training.scripts.Alamaula" tests="1" failures="0" timestamp="31 May 2013 06:29:29 GMT" time="25.635" errors="0">
  <testcase name="createItem" time="25.635" classname="com.globant.training.scripts.Alamaula"/>
</testsuite> <!-- com.globant.training.scripts.Alamaula -->
